[2020-12-03T10:25:34.514] [INFO] default - name helloworldnow.pdf
[2020-12-03T10:25:34.516] [ERROR] default - [Error: ENOENT: no such file or directory, open 'D:\server_uploades\عام\خطاب_جديد_2_رقم_44\8\8454_وتاريخ_1449\8\8-1442.8.8-5487987.11-مستخلص-1606980334515.pdf'] {
  errno: -4058,
  code: 'ENOENT',
  syscall: 'open',
  path: 'D:\\server_uploades\\عام\\خطاب_جديد_2_رقم_44\\8\\8454_وتاريخ_1449\\8\\8-1442.8.8-5487987.11-مستخلص-1606980334515.pdf'
}
[2020-12-03T10:30:44.801] [INFO] default - name helloworldnow.pdf
[2020-12-03T10:30:44.802] [ERROR] default - [Error: ENOENT: no such file or directory, open 'D:\server_uploades\عام\خطاب_جديد_عام_رقم_144\515\4445_وتاريخ1448\512-1441.8.8-144554554.88\454-مستخلص-1606980644802.pdf'] {
  errno: -4058,
  code: 'ENOENT',
  syscall: 'open',
  path: 'D:\\server_uploades\\عام\\خطاب_جديد_عام_رقم_144\\515\\4445_وتاريخ1448\\512-1441.8.8-144554554.88\\454-مستخلص-1606980644802.pdf'
}
[2020-12-03T10:37:43.982] [INFO] default - name helloworldnow.pdf
[2020-12-03T10:37:44.458] [WARN] default - document id 144545/11
[2020-12-03T10:43:33.981] [INFO] default - name helloworldnow.pdf
[2020-12-03T10:43:34.003] [WARN] default - document id 4545/11
[2020-12-03T10:58:34.086] [INFO] default - name helloworldnow.pdf
[2020-12-03T10:58:34.157] [WARN] default - document id 01228838/11
[2020-12-03T12:15:19.299] [INFO] default - name helloworldnow.pdf
[2020-12-03T12:15:19.389] [WARN] default - document id 0228838
